<?xml version="1.0" encoding="UTF-8"?>
<testng-results skipped="0" failed="0" ignored="0" total="1" passed="1">
  <reporter-output>
  </reporter-output>
  <suite name="Command line suite" duration-ms="13" started-at="2017-12-14T15:02:54Z" finished-at="2017-12-14T15:02:54Z">
    <groups>
    </groups>
    <test name="Command line test" duration-ms="13" started-at="2017-12-14T15:02:54Z" finished-at="2017-12-14T15:02:54Z">
      <class name="Curso.AutomationII.AppTest">
        <test-method status="PASS" signature="testApp()[pri:0, instance:testApp(Curso.AutomationII.AppTest)]" name="testApp" duration-ms="1" started-at="2017-12-14T12:02:54Z" finished-at="2017-12-14T12:02:54Z">
          <reporter-output>
          </reporter-output>
        </test-method> <!-- testApp -->
      </class> <!-- Curso.AutomationII.AppTest -->
    </test> <!-- Command line test -->
  </suite> <!-- Command line suite -->
</testng-results>
