<?xml version="1.0" encoding="UTF-8"?>
<!-- Generated by org.testng.reporters.JUnitXMLReporter -->
<testsuite hostname="DESKTOP-73KEIQS" ignored="0" name="Command line test" tests="1" failures="0" timestamp="14 dic 2017 15:04:36 GMT" time="0.372" errors="0">
  <testcase name="@BeforeClass setUpClass" time="0.343" classname="cucumber.api.testng.AbstractTestNGCucumberTests">
    <failure type="cucumber.runtime.CucumberException" message="Failed to instantiate public cucumber.runtime.java.JavaBackend(cucumber.runtime.io.ResourceLoader) with [cucumber.runtime.io.MultiLoader@305b7c14]">
      <![CDATA[cucumber.runtime.CucumberException: Failed to instantiate public cucumber.runtime.java.JavaBackend(cucumber.runtime.io.ResourceLoader) with [cucumber.runtime.io.MultiLoader@305b7c14]at cucumber.runtime.Reflections.newInstance(Reflections.java:44)at cucumber.runtime.Reflections.instantiateSubclasses(Reflections.java:30)at cucumber.runtime.Runtime.loadBackends(Runtime.java:99)at cucumber.runtime.Runtime.<init>(Runtime.java:66)at cucumber.api.testng.TestNGCucumberRunner.<init>(TestNGCucumberRunner.java:42)at cucumber.api.testng.AbstractTestNGCucumberTests.setUpClass(AbstractTestNGCucumberTests.java:16)at cucumber.runtime.Reflections.newInstance(Reflections.java:41)... 41 moreCaused by: java.lang.NoClassDefFoundError: org/springframework/beans/BeansExceptionat java.lang.Class.getDeclaredConstructors0(Native Method)at java.lang.Class.privateGetDeclaredConstructors(Class.java:2671)at java.lang.Class.getConstructor0(Class.java:3075)at java.lang.Class.getConstructor(Class.java:1825)at cucumber.runtime.Reflections.hasConstructor(Reflections.java:53)at cucumber.runtime.Reflections.instantiateSubclasses(Reflections.java:29)at cucumber.runtime.Reflections.instantiateExactlyOneSubclass(Reflections.java:16)at cucumber.runtime.java.ObjectFactoryLoader.loadObjectFactory(ObjectFactoryLoader.java:31)at cucumber.runtime.java.JavaBackend.<init>(JavaBackend.java:65)... 46 moreCaused by: java.lang.ClassNotFoundException: org.springframework.beans.BeansExceptionat java.net.URLClassLoader.findClass(URLClassLoader.java:381)at java.lang.ClassLoader.loadClass(ClassLoader.java:424)at sun.misc.Launcher$AppClassLoader.loadClass(Launcher.java:335)at java.lang.ClassLoader.loadClass(ClassLoader.java:357)... 55 more... Removed 41 stack frames]]>
    </failure>
  </testcase> <!-- @BeforeClass setUpClass -->
  <testcase name="@AfterClass tearDownClass" time="0.001" classname="cucumber.api.testng.AbstractTestNGCucumberTests">
    <failure type="java.lang.NullPointerException">
      <![CDATA[java.lang.NullPointerExceptionat cucumber.api.testng.AbstractTestNGCucumberTests.tearDownClass(AbstractTestNGCucumberTests.java:34)... Removed 36 stack frames]]>
    </failure>
  </testcase> <!-- @AfterClass tearDownClass -->
  <testcase name="feature" time="0.0" classname="cucumber.api.testng.AbstractTestNGCucumberTests">
    <skipped/>
  </testcase> <!-- feature -->
</testsuite> <!-- Command line test -->
