<?xml version="1.0" encoding="UTF-8"?>
<testng-results skipped="0" failed="0" ignored="0" total="2" passed="2">
  <reporter-output>
  </reporter-output>
  <suite name="Surefire suite" duration-ms="10486" started-at="2017-12-21T19:41:22Z" finished-at="2017-12-21T19:41:32Z">
    <groups>
      <group name="cucumber">
        <method signature="AbstractTestNGCucumberTests.feature(cucumber.api.testng.CucumberFeatureWrapper)[pri:0, instance:Curso.AutomationII.RunCuckesTest@7a79be86]" name="feature" class="cucumber.api.testng.AbstractTestNGCucumberTests"/>
      </group> <!-- cucumber -->
    </groups>
    <test name="Surefire test" duration-ms="10486" started-at="2017-12-21T19:41:22Z" finished-at="2017-12-21T19:41:32Z">
      <class name="Curso.AutomationII.RunCuckesTest">
        <test-method status="PASS" signature="setUpClass()[pri:0, instance:Curso.AutomationII.RunCuckesTest@7a79be86]" name="setUpClass" is-config="true" duration-ms="119" started-at="2017-12-21T16:41:22Z" finished-at="2017-12-21T16:41:22Z">
          <reporter-output>
          </reporter-output>
        </test-method> <!-- setUpClass -->
        <test-method status="PASS" signature="feature(cucumber.api.testng.CucumberFeatureWrapper)[pri:0, instance:Curso.AutomationII.RunCuckesTest@7a79be86]" name="feature" duration-ms="6416" started-at="2017-12-21T16:41:22Z" description="Runs Cucumber Feature" data-provider="features" finished-at="2017-12-21T16:41:28Z">
          <params>
            <param index="0">
              <value>
                <![CDATA[Register]]>
              </value>
            </param>
          </params>
          <reporter-output>
          </reporter-output>
        </test-method> <!-- feature -->
        <test-method status="PASS" signature="feature(cucumber.api.testng.CucumberFeatureWrapper)[pri:0, instance:Curso.AutomationII.RunCuckesTest@7a79be86]" name="feature" duration-ms="3859" started-at="2017-12-21T16:41:28Z" description="Runs Cucumber Feature" data-provider="features" finished-at="2017-12-21T16:41:32Z">
          <params>
            <param index="0">
              <value>
                <![CDATA[Curso de automation]]>
              </value>
            </param>
          </params>
          <reporter-output>
          </reporter-output>
        </test-method> <!-- feature -->
        <test-method status="PASS" signature="tearDownClass()[pri:0, instance:Curso.AutomationII.RunCuckesTest@7a79be86]" name="tearDownClass" is-config="true" duration-ms="27" started-at="2017-12-21T16:41:32Z" finished-at="2017-12-21T16:41:32Z">
          <reporter-output>
          </reporter-output>
        </test-method> <!-- tearDownClass -->
      </class> <!-- Curso.AutomationII.RunCuckesTest -->
    </test> <!-- Surefire test -->
  </suite> <!-- Surefire suite -->
</testng-results>
